生成启动时间为 2016/6/16 15:42:55。
     1>项目“C:\Users\劉旭松\Documents\Visual Studio 2010\Projects\❤Video\Video\Video\Video.vcxproj”在节点 2 上(build 个目标)。
     1>InitializeBuildStatus:
         正在创建“Release\Video.unsuccessfulbuild”，因为已指定“AlwaysCreate”。
       ClCompile:
         所有输出均为最新。
         D:\ALL\Microsoft Visual Studio2010\VC\bin\CL.exe /c /Zi /nologo /W3 /WX- /O2 /Oi /Oy- /GL /D WIN32 /D NDEBUG /D _WINDOWS /D _MBCS /Gm- /EHsc /MD /GS /Gy /fp:precise /Zc:wchar_t /Zc:forScope /Yu"StdAfx.h" /Fp"Release\Video.pch" /Fo"Release\\" /Fd"Release\vc100.pdb" /Gd /TP /analyze- /errorReport:prompt Video.cpp
         Video.cpp
     1>d:\all\opencv\build\include\opencv2\flann\logger.h(66): warning C4996: 'fopen': This function or variable may be unsafe. Consider using fopen_s instead. To disable deprecation, use _CRT_SECURE_NO_WARNINGS. See online help for details.
                 D:\ALL\Microsoft Visual Studio2010\VC\include\stdio.h(234) : 参见“fopen”的声明
     1>Video.cpp(98): warning C4996: 'sprintf': This function or variable may be unsafe. Consider using sprintf_s instead. To disable deprecation, use _CRT_SECURE_NO_WARNINGS. See online help for details.
                 D:\ALL\Microsoft Visual Studio2010\VC\include\stdio.h(371) : 参见“sprintf”的声明
     1>Video.cpp(101): warning C4996: 'sprintf': This function or variable may be unsafe. Consider using sprintf_s instead. To disable deprecation, use _CRT_SECURE_NO_WARNINGS. See online help for details.
                 D:\ALL\Microsoft Visual Studio2010\VC\include\stdio.h(371) : 参见“sprintf”的声明
     1>Video.cpp(107): warning C4996: 'sprintf': This function or variable may be unsafe. Consider using sprintf_s instead. To disable deprecation, use _CRT_SECURE_NO_WARNINGS. See online help for details.
                 D:\ALL\Microsoft Visual Studio2010\VC\include\stdio.h(371) : 参见“sprintf”的声明
     1>Video.cpp(149): warning C4996: 'sprintf': This function or variable may be unsafe. Consider using sprintf_s instead. To disable deprecation, use _CRT_SECURE_NO_WARNINGS. See online help for details.
                 D:\ALL\Microsoft Visual Studio2010\VC\include\stdio.h(371) : 参见“sprintf”的声明
     1>Video.cpp(206): warning C4996: 'sprintf': This function or variable may be unsafe. Consider using sprintf_s instead. To disable deprecation, use _CRT_SECURE_NO_WARNINGS. See online help for details.
                 D:\ALL\Microsoft Visual Studio2010\VC\include\stdio.h(371) : 参见“sprintf”的声明
     1>Video.cpp(232): warning C4996: 'sprintf': This function or variable may be unsafe. Consider using sprintf_s instead. To disable deprecation, use _CRT_SECURE_NO_WARNINGS. See online help for details.
                 D:\ALL\Microsoft Visual Studio2010\VC\include\stdio.h(371) : 参见“sprintf”的声明
     1>Video.cpp(248): warning C4996: 'sprintf': This function or variable may be unsafe. Consider using sprintf_s instead. To disable deprecation, use _CRT_SECURE_NO_WARNINGS. See online help for details.
                 D:\ALL\Microsoft Visual Studio2010\VC\include\stdio.h(371) : 参见“sprintf”的声明
     1>Video.cpp(271): warning C4996: 'sprintf': This function or variable may be unsafe. Consider using sprintf_s instead. To disable deprecation, use _CRT_SECURE_NO_WARNINGS. See online help for details.
                 D:\ALL\Microsoft Visual Studio2010\VC\include\stdio.h(371) : 参见“sprintf”的声明
     1>Video.cpp(337): warning C4996: 'sprintf': This function or variable may be unsafe. Consider using sprintf_s instead. To disable deprecation, use _CRT_SECURE_NO_WARNINGS. See online help for details.
                 D:\ALL\Microsoft Visual Studio2010\VC\include\stdio.h(371) : 参见“sprintf”的声明
     1>Video.cpp(343): warning C4996: 'sprintf': This function or variable may be unsafe. Consider using sprintf_s instead. To disable deprecation, use _CRT_SECURE_NO_WARNINGS. See online help for details.
                 D:\ALL\Microsoft Visual Studio2010\VC\include\stdio.h(371) : 参见“sprintf”的声明
     1>Video.cpp(348): warning C4996: 'sprintf': This function or variable may be unsafe. Consider using sprintf_s instead. To disable deprecation, use _CRT_SECURE_NO_WARNINGS. See online help for details.
                 D:\ALL\Microsoft Visual Studio2010\VC\include\stdio.h(371) : 参见“sprintf”的声明
     1>Video.cpp(363): warning C4996: 'sprintf': This function or variable may be unsafe. Consider using sprintf_s instead. To disable deprecation, use _CRT_SECURE_NO_WARNINGS. See online help for details.
                 D:\ALL\Microsoft Visual Studio2010\VC\include\stdio.h(371) : 参见“sprintf”的声明
     1>Video.cpp(365): warning C4996: 'sprintf': This function or variable may be unsafe. Consider using sprintf_s instead. To disable deprecation, use _CRT_SECURE_NO_WARNINGS. See online help for details.
                 D:\ALL\Microsoft Visual Studio2010\VC\include\stdio.h(371) : 参见“sprintf”的声明
     1>Video.cpp(370): warning C4996: 'sprintf': This function or variable may be unsafe. Consider using sprintf_s instead. To disable deprecation, use _CRT_SECURE_NO_WARNINGS. See online help for details.
                 D:\ALL\Microsoft Visual Studio2010\VC\include\stdio.h(371) : 参见“sprintf”的声明
     1>Video.cpp(420): warning C4996: 'fopen': This function or variable may be unsafe. Consider using fopen_s instead. To disable deprecation, use _CRT_SECURE_NO_WARNINGS. See online help for details.
                 D:\ALL\Microsoft Visual Studio2010\VC\include\stdio.h(234) : 参见“fopen”的声明
     1>Video.cpp(421): warning C4996: 'sprintf': This function or variable may be unsafe. Consider using sprintf_s instead. To disable deprecation, use _CRT_SECURE_NO_WARNINGS. See online help for details.
                 D:\ALL\Microsoft Visual Studio2010\VC\include\stdio.h(371) : 参见“sprintf”的声明
     1>Video.cpp(427): warning C4996: 'sprintf': This function or variable may be unsafe. Consider using sprintf_s instead. To disable deprecation, use _CRT_SECURE_NO_WARNINGS. See online help for details.
                 D:\ALL\Microsoft Visual Studio2010\VC\include\stdio.h(371) : 参见“sprintf”的声明
     1>Video.cpp(433): warning C4996: 'sprintf': This function or variable may be unsafe. Consider using sprintf_s instead. To disable deprecation, use _CRT_SECURE_NO_WARNINGS. See online help for details.
                 D:\ALL\Microsoft Visual Studio2010\VC\include\stdio.h(371) : 参见“sprintf”的声明
     1>Video.cpp(601): warning C4996: 'fopen': This function or variable may be unsafe. Consider using fopen_s instead. To disable deprecation, use _CRT_SECURE_NO_WARNINGS. See online help for details.
                 D:\ALL\Microsoft Visual Studio2010\VC\include\stdio.h(234) : 参见“fopen”的声明
     1>Video.cpp(610): warning C4996: 'sprintf': This function or variable may be unsafe. Consider using sprintf_s instead. To disable deprecation, use _CRT_SECURE_NO_WARNINGS. See online help for details.
                 D:\ALL\Microsoft Visual Studio2010\VC\include\stdio.h(371) : 参见“sprintf”的声明
     1>Video.cpp(615): warning C4996: 'sprintf': This function or variable may be unsafe. Consider using sprintf_s instead. To disable deprecation, use _CRT_SECURE_NO_WARNINGS. See online help for details.
                 D:\ALL\Microsoft Visual Studio2010\VC\include\stdio.h(371) : 参见“sprintf”的声明
     1>Video.cpp(629): warning C4996: 'fopen': This function or variable may be unsafe. Consider using fopen_s instead. To disable deprecation, use _CRT_SECURE_NO_WARNINGS. See online help for details.
                 D:\ALL\Microsoft Visual Studio2010\VC\include\stdio.h(234) : 参见“fopen”的声明
     1>Video.cpp(662): warning C4996: 'sprintf': This function or variable may be unsafe. Consider using sprintf_s instead. To disable deprecation, use _CRT_SECURE_NO_WARNINGS. See online help for details.
                 D:\ALL\Microsoft Visual Studio2010\VC\include\stdio.h(371) : 参见“sprintf”的声明
     1>Video.cpp(674): warning C4996: 'sprintf': This function or variable may be unsafe. Consider using sprintf_s instead. To disable deprecation, use _CRT_SECURE_NO_WARNINGS. See online help for details.
                 D:\ALL\Microsoft Visual Studio2010\VC\include\stdio.h(371) : 参见“sprintf”的声明
     1>Video.cpp(677): warning C4996: 'sprintf': This function or variable may be unsafe. Consider using sprintf_s instead. To disable deprecation, use _CRT_SECURE_NO_WARNINGS. See online help for details.
                 D:\ALL\Microsoft Visual Studio2010\VC\include\stdio.h(371) : 参见“sprintf”的声明
       ResourceCompile:
         所有输出均为最新。
       Link:
         D:\ALL\Microsoft Visual Studio2010\VC\bin\link.exe /ERRORREPORT:PROMPT /OUT:"C:\Users\劉旭松\Documents\Visual Studio 2010\Projects\❤Video\Video\Release\Video.exe" /INCREMENTAL:NO /NOLOGO /LIBPATH:D:\ALL\opencv\build\x86\vc11\lib opencv_calib3d249.lib opencv_contrib249.lib opencv_core249.lib opencv_features2d249.lib opencv_flann249.lib opencv_gpu249.lib opencv_highgui249.lib opencv_imgproc249.lib opencv_legacy249.lib opencv_ml249d.lib opencv_objdetect249.lib opencv_ts249.lib opencv_video249.lib opencv_nonfree249.lib opencv_ocl249.lib opencv_photo249.lib opencv_stitching249.lib opencv_superres249.lib opencv_videostab249.lib opencv_calib3d249d.lib opencv_contrib249d.lib opencv_core249d.lib opencv_features2d249d.lib opencv_flann249d.lib opencv_gpu249d.lib opencv_highgui249d.lib opencv_imgproc249d.lib opencv_legacy249d.lib opencv_objdetect249d.lib opencv_ts249d.lib opencv_video249d.lib opencv_nonfree249d.lib opencv_ocl249d.lib opencv_photo249d.lib opencv_stitching249d.lib opencv_superres249d.lib opencv_videostab249d.lib opencv_ml249d.lib opencv_calib3d249d.lib opencv_contrib249d.lib opencv_core249d.lib opencv_features2d249d.lib opencv_flann249d.lib opencv_gpu249d.lib opencv_highgui249d.lib opencv_imgproc249d.lib opencv_legacy249d.lib opencv_objdetect249d.lib opencv_ts249d.lib opencv_video249d.lib opencv_nonfree249d.lib opencv_ocl249d.lib opencv_photo249d.lib opencv_stitching249d.lib opencv_superres249d.lib opencv_videostab249d.lib kernel32.lib user32.lib gdi32.lib winspool.lib comdlg32.lib advapi32.lib shell32.lib ole32.lib oleaut32.lib uuid.lib odbc32.lib odbccp32.lib /MANIFEST /ManifestFile:"Release\Video.exe.intermediate.manifest" /MANIFESTUAC:"level='asInvoker' uiAccess='false'" /DEBUG /PDB:"C:\Users\劉旭松\Documents\Visual Studio 2010\Projects\❤Video\Video\Release\Video.pdb" /SUBSYSTEM:WINDOWS /OPT:REF /OPT:ICF /LTCG /TLBID:1 /DYNAMICBASE /NXCOMPAT /IMPLIB:"C:\Users\劉旭松\Documents\Visual Studio 2010\Projects\❤Video\Video\Release\Video.lib" /MACHINE:X86 Release\Video.res
         Release\stdafx.obj
         Release\Video.obj
         正在生成代码
         已完成代码的生成
         Video.vcxproj -> C:\Users\劉旭松\Documents\Visual Studio 2010\Projects\❤Video\Video\Release\Video.exe
       Manifest:
         C:\Program Files (x86)\Microsoft SDKs\Windows\v7.0A\bin\mt.exe /nologo /verbose /outputresource:"C:\Users\劉旭松\Documents\Visual Studio 2010\Projects\❤Video\Video\Release\Video.exe;#1" /manifest Release\Video.exe.intermediate.manifest
       FinalizeBuildStatus:
         正在删除文件“Release\Video.unsuccessfulbuild”。
         正在对“Release\Video.lastbuildstate”执行 Touch 任务。
     1>已完成生成项目“C:\Users\劉旭松\Documents\Visual Studio 2010\Projects\❤Video\Video\Video\Video.vcxproj”(build 个目标)的操作。

生成成功。

已用时间 00:00:07.08
